<?xml version="1.0" encoding="UTF-8"?>
<testsuite xmlns:xsi="http://www.w3.org/2001/XMLSchema-instance" xsi:noNamespaceSchemaLocation="https://maven.apache.org/surefire/maven-surefire-plugin/xsd/surefire-test-report-3.0.xsd" version="3.0" name="com.antigravity.entity.InventoryItemTest" time="0.008" tests="2" errors="0" skipped="0" failures="0">
  <properties>
[...]
</properties>
  <testcase name="testInventoryItemPrice" classname="com.antigravity.entity.InventoryItemTest" time="0.005"/>
  <testcase name="testInventoryItemStockStatus" classname="com.antigravity.entity.InventoryItemTest" time="0.002"/>
</testsuite>