<?xml version="1.0" encoding="UTF-8"?>
<testsuite xmlns:xsi="http://www.w3.org/2001/XMLSchema-instance" xsi:noNamespaceSchemaLocation="https://maven.apache.org/surefire/maven-surefire-plugin/xsd/surefire-test-report-3.0.xsd" version="3.0" name="com.antigravity.AntigravityStoreApplicationTests" time="10.241" tests="1" errors="0" skipped="0" failures="0">
  <properties>
[...]
</properties>
  <testcase name="contextLoads" classname="com.antigravity.AntigravityStoreApplicationTests" time="0.533">
    <system-out><![CDATA[01:40:12.761 [main] INFO org.springframework.test.context.support.AnnotationConfigContextLoaderUtils -- Could not detect default configuration classes for test class [com.antigravity.AntigravityStoreApplicationTests]: AntigravityStoreApplicationTests does not declare any static, non-private, non-final, nested classes annotated with @Configuration.
01:40:12.892 [main] INFO org.springframework.boot.test.context.SpringBootTestContextBootstrapper -- Found @SpringBootConfiguration com.antigravity.AntigravityStoreApplication for test class com.antigravity.AntigravityStoreApplicationTests

  .   ____          _            __ _ _
 /\\ / ___'_ __ _ _(_)_ __  __ _ \ \ \ \
( ( )\___ | '_ | '_| | '_ \/ _` | \ \ \ \
 \\/  ___)| |_)| | | | | || (_| |  ) ) ) )
  '  |____| .__|_| |_|_| |_\__, | / / / /
 =========|_|==============|___/=/_/_/_/
 :: Spring Boot ::                (v3.2.0)

2026-04-28 01:40:13 - Starting AntigravityStoreApplicationTests using Java 21.0.2 with PID 48412 (started by soham in C:\project\inventory management\backend)
2026-04-28 01:40:13 - Running with Spring Boot v3.2.0, Spring v6.1.1
2026-04-28 01:40:13 - No active profile set, falling back to 1 default profile: "default"
2026-04-28 01:40:14 - Bootstrapping Spring Data JPA repositories in DEFAULT mode.
2026-04-28 01:40:14 - Finished Spring Data repository scanning in 60 ms. Found 2 JPA repository interfaces.
2026-04-28 01:40:16 - HHH000204: Processing PersistenceUnitInfo [name: default]
2026-04-28 01:40:16 - HHH000412: Hibernate ORM core version 6.3.1.Final
2026-04-28 01:40:16 - HHH000026: Second-level cache disabled
2026-04-28 01:40:16 - No LoadTimeWeaver setup: ignoring JPA class transformer
2026-04-28 01:40:16 - HikariPool-1 - Starting...
2026-04-28 01:40:16 - HikariPool-1 - Added connection conn0: url=jdbc:h2:mem:antigravitydb user=SA
2026-04-28 01:40:16 - HikariPool-1 - Start completed.
2026-04-28 01:40:16 - HHH90000025: H2Dialect does not need to be specified explicitly using 'hibernate.dialect' (remove the property setting and it will be selected by default)
2026-04-28 01:40:17 - HHH000489: No JTA platform available (set 'hibernate.transaction.jta.platform' to enable JTA platform integration)
Hibernate: 
    drop table if exists inventory_items cascade 
Hibernate: 
    drop table if exists stores cascade 
Hibernate: 
    create table inventory_items (
        is_available boolean not null,
        latitude float(53) not null,
        longitude float(53) not null,
        price numeric(10,2) not null,
        stock_quantity integer not null,
        last_updated timestamp(6) not null,
        id uuid not null,
        store_id uuid not null,
        description varchar(500),
        image_url varchar(500),
        category varchar(255) not null check (category in ('GROCERY','SNACKS','GIFTS','BEVERAGES','HOUSEHOLD')),
        name varchar(255) not null,
        store_name varchar(255) not null,
        unit varchar(255) not null,
        primary key (id)
    )
Hibernate: 
    create table stores (
        delivery_radius_km float(53) not null,
        latitude float(53) not null,
        longitude float(53) not null,
        rating numeric(2,1),
        pincode varchar(6) not null,
        id uuid not null,
        address varchar(255) not null,
        name varchar(255) not null,
        primary key (id)
    )
Hibernate: 
    create index idx_inventory_category 
       on inventory_items (category)
Hibernate: 
    create index idx_inventory_store 
       on inventory_items (store_id)
Hibernate: 
    create index idx_inventory_available 
       on inventory_items (is_available)
Hibernate: 
    create index idx_inventory_lat_lng 
       on inventory_items (latitude, longitude)
Hibernate: 
    alter table if exists inventory_items 
       add constraint FK1511b7gcm2emvwq4xdy4rwpmf 
       foreign key (store_id) 
       references stores
2026-04-28 01:40:17 - Initialized JPA EntityManagerFactory for persistence unit 'default'
2026-04-28 01:40:18 - Hibernate is in classpath; If applicable, HQL parser will be used.
2026-04-28 01:40:19 - spring.jpa.open-in-view is enabled by default. Therefore, database queries may be performed during view rendering. Explicitly configure spring.jpa.open-in-view to disable this warning
2026-04-28 01:40:19 - 

Using generated security password: 724a8bd9-f23b-4592-9ee9-e77df71bd7c9

This generated password is for development use only. Your security configuration must be updated before running your application in production.

2026-04-28 01:40:20 - Exposing 13 endpoint(s) beneath base path '/actuator'
2026-04-28 01:40:21 - Will secure any request with [org.springframework.security.web.session.DisableEncodeUrlFilter@70629a15, org.springframework.security.web.context.request.async.WebAsyncManagerIntegrationFilter@137e8c71, org.springframework.security.web.context.SecurityContextHolderFilter@677f0c10, org.springframework.security.web.header.HeaderWriterFilter@54e21540, org.springframework.web.filter.CorsFilter@4ab2f15c, org.springframework.security.web.authentication.logout.LogoutFilter@3bc645e0, org.springframework.security.web.savedrequest.RequestCacheAwareFilter@50f8d4f3, org.springframework.security.web.servletapi.SecurityContextHolderAwareRequestFilter@347749f2, org.springframework.security.web.authentication.AnonymousAuthenticationFilter@69a6a519, org.springframework.security.web.session.SessionManagementFilter@77b2adc, org.springframework.security.web.access.ExceptionTranslationFilter@243e33a5, org.springframework.security.web.access.intercept.AuthorizationFilter@7d49699]
2026-04-28 01:40:21 - H2 console available at '/h2-console'. Database available at 'jdbc:h2:mem:antigravitydb'
2026-04-28 01:40:22 - Started AntigravityStoreApplicationTests in 9.114 seconds (process running for 10.201)
]]></system-out>
    <system-err><![CDATA[WARNING: A Java agent has been loaded dynamically (C:\Users\soham\.m2\repository\net\bytebuddy\byte-buddy-agent\1.14.10\byte-buddy-agent-1.14.10.jar)
WARNING: If a serviceability tool is in use, please run with -XX:+EnableDynamicAgentLoading to hide this warning
WARNING: If a serviceability tool is not in use, please run with -Djdk.instrument.traceUsage for more information
WARNING: Dynamic loading of agents will be disallowed by default in a future release
]]></system-err>
  </testcase>
</testsuite>